[32m[Pascal][0m Running with ['cores', 'input', 'repetitions']
[32m[Pascal][0m Cores: 32 Input: 0 
[32m[Pascal][0m Total time 0.9436960220336914
[32m[Pascal][0m Cores: 32 Input: 1 
[32m[Pascal][0m Total time 1.673311471939087
[32m[Pascal][0m Cores: 32 Input: 2 
[32m[Pascal][0m Total time 3.226033926010132
[32m[Pascal][0m Cores: 32 Input: 3 
[32m[Pascal][0m Total time 6.50535249710083
[32m[Pascal][0m Cores: 32 Input: 4 
[32m[Pascal][0m Total time 14.432283163070679
[32m[Pascal][0m Cores: 32 Input: 5 
[32m[Pascal][0m Total time 34.55739164352417
[32m[Pascal][0m Cores: 32 Input: 6 
[32m[Pascal][0m Total time 91.45759463310242
[32m[Pascal][0m Cores: 32 Input: 7 
[32m[Pascal][0m Total time 289.7805209159851
[32m[Pascal][0m Cores: 16 Input: 0 
[32m[Pascal][0m Total time 0.8037307262420654
[32m[Pascal][0m Cores: 16 Input: 1 
[32m[Pascal][0m Total time 1.5582334995269775
[32m[Pascal][0m Cores: 16 Input: 2 
[32m[Pascal][0m Total time 3.085171937942505
[32m[Pascal][0m Cores: 16 Input: 3 
[32m[Pascal][0m Total time 6.29394793510437
[32m[Pascal][0m Cores: 16 Input: 4 
[32m[Pascal][0m Total time 13.854964256286621
[32m[Pascal][0m Cores: 16 Input: 5 
[32m[Pascal][0m Total time 34.652711629867554
[32m[Pascal][0m Cores: 16 Input: 6 
[32m[Pascal][0m Total time 92.08874869346619
[32m[Pascal][0m Cores: 16 Input: 7 
[32m[Pascal][0m Total time 277.56833481788635
[32m[Pascal][0m Cores: 8 Input: 0 
[32m[Pascal][0m Total time 0.7802631855010986
[32m[Pascal][0m Cores: 8 Input: 1 
[32m[Pascal][0m Total time 1.5349957942962646
[32m[Pascal][0m Cores: 8 Input: 2 
[32m[Pascal][0m Total time 3.05759859085083
[32m[Pascal][0m Cores: 8 Input: 3 
[32m[Pascal][0m Total time 6.8233325481414795
[32m[Pascal][0m Cores: 8 Input: 4 
[32m[Pascal][0m Total time 13.622495651245117
[32m[Pascal][0m Cores: 8 Input: 5 
[32m[Pascal][0m Total time 34.65299367904663
[32m[Pascal][0m Cores: 8 Input: 6 
[32m[Pascal][0m Total time 90.39866042137146
[32m[Pascal][0m Cores: 8 Input: 7 
[32m[Pascal][0m Total time 265.7313063144684
[32m[Pascal][0m Cores: 4 Input: 0 
[32m[Pascal][0m Total time 0.7726435661315918
[32m[Pascal][0m Cores: 4 Input: 1 
[32m[Pascal][0m Total time 1.5348320007324219
[32m[Pascal][0m Cores: 4 Input: 2 
[32m[Pascal][0m Total time 3.0795860290527344
[32m[Pascal][0m Cores: 4 Input: 3 
[32m[Pascal][0m Total time 6.539080381393433
[32m[Pascal][0m Cores: 4 Input: 4 
[32m[Pascal][0m Total time 14.451318979263306
[32m[Pascal][0m Cores: 4 Input: 5 
[32m[Pascal][0m Total time 35.01508283615112
[32m[Pascal][0m Cores: 4 Input: 6 
[32m[Pascal][0m Total time 91.4714629650116
[32m[Pascal][0m Cores: 4 Input: 7 
[32m[Pascal][0m Total time 290.4204134941101
[32m[Pascal][0m Cores: 2 Input: 0 
[32m[Pascal][0m Total time 0.7672522068023682
[32m[Pascal][0m Cores: 2 Input: 1 
[32m[Pascal][0m Total time 1.528566598892212
[32m[Pascal][0m Cores: 2 Input: 2 
[32m[Pascal][0m Total time 3.0640764236450195
[32m[Pascal][0m Cores: 2 Input: 3 
[32m[Pascal][0m Total time 6.60169792175293
[32m[Pascal][0m Cores: 2 Input: 4 
[32m[Pascal][0m Total time 13.83503770828247
[32m[Pascal][0m Cores: 2 Input: 5 
[32m[Pascal][0m Total time 35.641839265823364
[32m[Pascal][0m Cores: 2 Input: 6 
[32m[Pascal][0m Total time 91.97091555595398
[32m[Pascal][0m Cores: 2 Input: 7 
[32m[Pascal][0m Total time 268.1787292957306
[32m[Pascal][0m Cores: 1 Input: 0 
[32m[Pascal][0m Total time 1.365166187286377
[32m[Pascal][0m Cores: 1 Input: 1 
[32m[Pascal][0m Total time 2.862708568572998
[32m[Pascal][0m Cores: 1 Input: 2 
[32m[Pascal][0m Total time 5.797754764556885
[32m[Pascal][0m Cores: 1 Input: 3 
[32m[Pascal][0m Total time 12.81535291671753
[32m[Pascal][0m Cores: 1 Input: 4 
[32m[Pascal][0m Total time 25.762256145477295
[32m[Pascal][0m Cores: 1 Input: 5 
[32m[Pascal][0m Total time 65.63971662521362
[32m[Pascal][0m Cores: 1 Input: 6 
[32m[Pascal][0m Total time 164.70552968978882
[32m[Pascal][0m Cores: 1 Input: 7 
[32m[Pascal][0m Total time 500.5596661567688
[32m[Pascal][0m ***** Done! *****
[32m[Pascal][0m Saving data
